This is pdfTeX, Version 3.14159265-2.6-1.40.16 (TeX Live 2015/Arch Linux) (preloaded format=pdflatex 2016.2.25)  5 MAY 2016 14:27
entering extended mode
 restricted \write18 enabled.
 %&-line parsing enabled.
**"Project 3.tex"
(./Project 3.tex
LaTeX2e <2015/10/01> patch level 2
Babel <3.9m> and hyphenation patterns for 79 languages loaded.
(/usr/share/texmf-dist/tex/latex/base/report.cls
Document Class: report 2014/09/29 v1.4h Standard LaTeX document class
(/usr/share/texmf-dist/tex/latex/base/size10.clo
File: size10.clo 2014/09/29 v1.4h Standard LaTeX file (size option)
)
\c@part=\count79
\c@chapter=\count80
\c@section=\count81
\c@subsection=\count82
\c@subsubsection=\count83
\c@paragraph=\count84
\c@subparagraph=\count85
\c@figure=\count86
\c@table=\count87
\abovecaptionskip=\skip41
\belowcaptionskip=\skip42
\bibindent=\dimen102
)
(/usr/share/texmf-dist/tex/latex/graphics/graphicx.sty
Package: graphicx 2014/10/28 v1.0g Enhanced LaTeX Graphics (DPC,SPQR)

(/usr/share/texmf-dist/tex/latex/graphics/keyval.sty
Package: keyval 2014/10/28 v1.15 key=value parser (DPC)
\KV@toks@=\toks14
)
(/usr/share/texmf-dist/tex/latex/graphics/graphics.sty
Package: graphics 2014/10/28 v1.0p Standard LaTeX Graphics (DPC,SPQR)

(/usr/share/texmf-dist/tex/latex/graphics/trig.sty
Package: trig 1999/03/16 v1.09 sin cos tan (DPC)
)
(/usr/share/texmf-dist/tex/latex/latexconfig/graphics.cfg
File: graphics.cfg 2010/04/23 v1.9 graphics configuration of TeX Live
)
Package graphics Info: Driver file: pdftex.def on input line 94.

(/usr/share/texmf-dist/tex/latex/pdftex-def/pdftex.def
File: pdftex.def 2011/05/27 v0.06d Graphics/color for pdfTeX

(/usr/share/texmf-dist/tex/generic/oberdiek/infwarerr.sty
Package: infwarerr 2010/04/08 v1.3 Providing info/warning/error messages (HO)
)
(/usr/share/texmf-dist/tex/generic/oberdiek/ltxcmds.sty
Package: ltxcmds 2011/11/09 v1.22 LaTeX kernel commands for general use (HO)
)
\Gread@gobject=\count88
))
\Gin@req@height=\dimen103
\Gin@req@width=\dimen104
) (./Project 3.aux)
\openout1 = `"Project 3.aux"'.

LaTeX Font Info:    Checking defaults for OML/cmm/m/it on input line 9.
LaTeX Font Info:    ... okay on input line 9.
LaTeX Font Info:    Checking defaults for T1/cmr/m/n on input line 9.
LaTeX Font Info:    ... okay on input line 9.
LaTeX Font Info:    Checking defaults for OT1/cmr/m/n on input line 9.
LaTeX Font Info:    ... okay on input line 9.
LaTeX Font Info:    Checking defaults for OMS/cmsy/m/n on input line 9.
LaTeX Font Info:    ... okay on input line 9.
LaTeX Font Info:    Checking defaults for OMX/cmex/m/n on input line 9.
LaTeX Font Info:    ... okay on input line 9.
LaTeX Font Info:    Checking defaults for U/cmr/m/n on input line 9.
LaTeX Font Info:    ... okay on input line 9.

(/usr/share/texmf-dist/tex/context/base/supp-pdf.mkii
[Loading MPS to PDF converter (version 2006.09.02).]
\scratchcounter=\count89
\scratchdimen=\dimen105
\scratchbox=\box26
\nofMPsegments=\count90
\nofMParguments=\count91
\everyMPshowfont=\toks15
\MPscratchCnt=\count92
\MPscratchDim=\dimen106
\MPnumerator=\count93
\makeMPintoPDFobject=\count94
\everyMPtoPDFconversion=\toks16
) (/usr/share/texmf-dist/tex/generic/oberdiek/pdftexcmds.sty
Package: pdftexcmds 2011/11/29 v0.20 Utility functions of pdfTeX for LuaTeX (HO
)

(/usr/share/texmf-dist/tex/generic/oberdiek/ifluatex.sty
Package: ifluatex 2010/03/01 v1.3 Provides the ifluatex switch (HO)
Package ifluatex Info: LuaTeX not detected.
)
(/usr/share/texmf-dist/tex/generic/oberdiek/ifpdf.sty
Package: ifpdf 2011/01/30 v2.3 Provides the ifpdf switch (HO)
Package ifpdf Info: pdfTeX in PDF mode is detected.
)
Package pdftexcmds Info: LuaTeX not detected.
Package pdftexcmds Info: \pdf@primitive is available.
Package pdftexcmds Info: \pdf@ifprimitive is available.
Package pdftexcmds Info: \pdfdraftmode found.
)
(/usr/share/texmf-dist/tex/latex/oberdiek/epstopdf-base.sty
Package: epstopdf-base 2010/02/09 v2.5 Base part for package epstopdf

(/usr/share/texmf-dist/tex/latex/oberdiek/grfext.sty
Package: grfext 2010/08/19 v1.1 Manage graphics extensions (HO)

(/usr/share/texmf-dist/tex/generic/oberdiek/kvdefinekeys.sty
Package: kvdefinekeys 2011/04/07 v1.3 Define keys (HO)
))
(/usr/share/texmf-dist/tex/latex/oberdiek/kvoptions.sty
Package: kvoptions 2011/06/30 v3.11 Key value format for package options (HO)

(/usr/share/texmf-dist/tex/generic/oberdiek/kvsetkeys.sty
Package: kvsetkeys 2012/04/25 v1.16 Key value parser (HO)

(/usr/share/texmf-dist/tex/generic/oberdiek/etexcmds.sty
Package: etexcmds 2011/02/16 v1.5 Avoid name clashes with e-TeX commands (HO)
Package etexcmds Info: Could not find \expanded.
(etexcmds)             That can mean that you are not using pdfTeX 1.50 or
(etexcmds)             that some package has redefined \expanded.
(etexcmds)             In the latter case, load this package earlier.
)))
Package grfext Info: Graphics extension search list:
(grfext)             [.png,.pdf,.jpg,.mps,.jpeg,.jbig2,.jb2,.PNG,.PDF,.JPG,.JPE
G,.JBIG2,.JB2,.eps]
(grfext)             \AppendGraphicsExtensions on input line 452.

(/usr/share/texmf-dist/tex/latex/latexconfig/epstopdf-sys.cfg
File: epstopdf-sys.cfg 2010/07/13 v1.3 Configuration of (r)epstopdf for TeX Liv
e
))
LaTeX Font Info:    External font `cmex10' loaded for size
(Font)              <12> on input line 10.
LaTeX Font Info:    External font `cmex10' loaded for size
(Font)              <8> on input line 10.
LaTeX Font Info:    External font `cmex10' loaded for size
(Font)              <6> on input line 10.
 [1

{/var/lib/texmf/fonts/map/pdftex/updmap/pdftex.map}]
<Data/01/02.jpg, id=8, 100.375pt x 100.375pt>
File: Data/01/02.jpg Graphic file (type jpg)
 <use Data/01/02.jpg>
Package pdftex.def Info: Data/01/02.jpg used on input line 16.
(pdftex.def)             Requested size: 100.37474pt x 100.37474pt.

<Data/02/02.jpg, id=9, 100.375pt x 100.375pt>
File: Data/02/02.jpg Graphic file (type jpg)
 <use Data/02/02.jpg>
Package pdftex.def Info: Data/02/02.jpg used on input line 16.
(pdftex.def)             Requested size: 100.37474pt x 100.37474pt.

<Data/03/02.jpg, id=10, 50.1875pt x 50.1875pt>
File: Data/03/02.jpg Graphic file (type jpg)
 <use Data/03/02.jpg>
Package pdftex.def Info: Data/03/02.jpg used on input line 16.
(pdftex.def)             Requested size: 50.18736pt x 50.18736pt.

<Data/04/02.jpg, id=11, 50.1875pt x 50.1875pt>
File: Data/04/02.jpg Graphic file (type jpg)
 <use Data/04/02.jpg>
Package pdftex.def Info: Data/04/02.jpg used on input line 16.
(pdftex.def)             Requested size: 50.18736pt x 50.18736pt.

<Data/05/02.jpg, id=12, 50.1875pt x 50.1875pt>
File: Data/05/02.jpg Graphic file (type jpg)
 <use Data/05/02.jpg>
Package pdftex.def Info: Data/05/02.jpg used on input line 16.
(pdftex.def)             Requested size: 50.18736pt x 50.18736pt.

Overfull \hbox (6.31157pt too wide) in paragraph at lines 15--18
[][][][][] 
 []

[1 <./Data/01/02.jpg> <./Data/02/02.jpg> <./Data/03/02.jpg> <./Data/04/02.jpg> 
<./Data/05/02.jpg>] <Data/knn0.png, id=17, 100.375pt x 100.375pt>
File: Data/knn0.png Graphic file (type png)

<use Data/knn0.png>
Package pdftex.def Info: Data/knn0.png used on input line 21.
(pdftex.def)             Requested size: 100.37474pt x 100.37474pt.
 <Data/knn1.png, id=18, 100.375pt x 100.375pt>
File: Data/knn1.png Graphic file (type png)

<use Data/knn1.png>
Package pdftex.def Info: Data/knn1.png used on input line 23.
(pdftex.def)             Requested size: 100.37474pt x 100.37474pt.
 <Data/knn2.png, id=19, 100.375pt x 100.375pt>
File: Data/knn2.png Graphic file (type png)

<use Data/knn2.png>
Package pdftex.def Info: Data/knn2.png used on input line 25.
(pdftex.def)             Requested size: 100.37474pt x 100.37474pt.
 [1 <./Data/knn0.png (PNG copy)> <./Data/knn1.png (PNG copy)> <./Data/knn2.png 
(PNG copy)>]
<Data/test1.png, id=25, 600.2425pt x 34.1275pt>
File: Data/test1.png Graphic file (type png)
 <use Data/test1.png>
Package pdftex.def Info: Data/test1.png used on input line 34.
(pdftex.def)             Requested size: 600.24103pt x 34.1274pt.

<Data/test2.png, id=27, 600.2425pt x 35.13126pt>
File: Data/test2.png Graphic file (type png)
 <use Data/test2.png>
Package pdftex.def Info: Data/test2.png used on input line 36.
(pdftex.def)             Requested size: 600.24103pt x 35.13115pt.

<Data/test3.png, id=28, 595.22375pt x 36.135pt>
File: Data/test3.png Graphic file (type png)
 <use Data/test3.png>
Package pdftex.def Info: Data/test3.png used on input line 38.
(pdftex.def)             Requested size: 595.2223pt x 36.13489pt.

<Data/test4.png, id=29, 598.235pt x 34.1275pt>
File: Data/test4.png Graphic file (type png)
 <use Data/test4.png>
Package pdftex.def Info: Data/test4.png used on input line 40.
(pdftex.def)             Requested size: 598.23354pt x 34.1274pt.

<Data/test5.png, id=30, 598.235pt x 31.11626pt>
File: Data/test5.png Graphic file (type png)
 <use Data/test5.png>
Package pdftex.def Info: Data/test5.png used on input line 42.
(pdftex.def)             Requested size: 598.23354pt x 31.11617pt.

Underfull \hbox (badness 10000) in paragraph at lines 31--44

 []


Overfull \hbox (255.24103pt too wide) in paragraph at lines 31--44
[] 
 []


Underfull \hbox (badness 10000) in paragraph at lines 31--44

 []


Overfull \hbox (255.24103pt too wide) in paragraph at lines 31--44
[] 
 []


Underfull \hbox (badness 10000) in paragraph at lines 31--44

 []


Overfull \hbox (3.69955pt too wide) in paragraph at lines 31--44
\OT1/cmr/bx/n/14.4 Pound Sign - python im-ageRec.py Data/03/72.jpg 
 []


Overfull \hbox (250.2223pt too wide) in paragraph at lines 31--44
[] 
 []


Underfull \hbox (badness 10000) in paragraph at lines 31--44

 []


Overfull \hbox (253.23354pt too wide) in paragraph at lines 31--44
[] 
 []


Underfull \hbox (badness 10000) in paragraph at lines 31--44

 []


Overfull \hbox (1.99124pt too wide) in paragraph at lines 31--44
\OT1/cmr/bx/n/14.4 Dollar Sign - python im-ageRec.py Data/05/72.jpg 
 []


Overfull \hbox (253.23354pt too wide) in paragraph at lines 31--44
[] 
 []


Underfull \hbox (badness 10000) in paragraph at lines 31--44

 []

[2 <./Data/test1.png> <./Data/test2.png>]
Overfull \hbox (45.80011pt too wide) in paragraph at lines 45--46
\OT1/cmr/m/n/14.4 only mis-nomer that was re-pro-duced was the mis-characteriza
tion
 []

[3 <./Data/test3.png> <./Data/test4.png> <./Data/test5.png>] (./Project 3.aux) 
) 
Here is how much of TeX's memory you used:
 1578 strings out of 493054
 22125 string characters out of 6140586
 81783 words of memory out of 5000000
 5090 multiletter control sequences out of 15000+600000
 7895 words of font info for 28 fonts, out of 8000000 for 9000
 1141 hyphenation exceptions out of 8191
 37i,6n,23p,638b,179s stack positions out of 5000i,500n,10000p,200000b,80000s
</usr/share/texmf-dist/fonts/type1/public/amsfonts/cm/cmbx10.pfb></usr/share/t
exmf-dist/fonts/type1/public/amsfonts/cm/cmbx12.pfb></usr/share/texmf-dist/font
s/type1/public/amsfonts/cm/cmr10.pfb></usr/share/texmf-dist/fonts/type1/public/
amsfonts/cm/cmr12.pfb></usr/share/texmf-dist/fonts/type1/public/amsfonts/cm/cmr
17.pfb>
Output written on "Project 3.pdf" (5 pages, 197519 bytes).
PDF statistics:
 59 PDF objects out of 1000 (max. 8388607)
 28 compressed objects within 1 object stream
 0 named destinations out of 1000 (max. 500000)
 66 words of extra memory for PDF output out of 10000 (max. 10000000)

